<?xml version="1.0" encoding="UTF-8"?>
<!-- Generated by org.testng.reporters.JUnitXMLReporter -->
<testsuite ignored="2" hostname="DESKTOP-6E3T9R2" failures="0" tests="4" name="DynamicGeneratedTests" time="12.189" errors="0" timestamp="2025-08-18T02:35:39 GMT+07:00">
  <testcase classname="com.example.tests.modules.login.web.loginTest2.LoginTest2" name="testLogin6" time="0.001"/>
  <testcase classname="com.example.tests.modules.login.web.loginTest.LoginTest" name="testLogin1" time="1.497"/>
  <testcase classname="com.example.tests.modules.login.web.loginTest2.LoginTest2" name="testLogin1" time="1.282"/>
  <testcase classname="com.example.tests.modules.login.web.loginTest2.LoginTest2" name="testLogin5" time="0.001"/>
  <testcase classname="com.example.tests.modules.login.web.loginTest.LoginTest" name="testLogin6" time="0.0">
    <ignored/>
  </testcase> <!-- testLogin6 -->
  <testcase classname="com.example.tests.modules.login.web.loginTest.LoginTest" name="testLogin5" time="0.0">
    <ignored/>
  </testcase> <!-- testLogin5 -->
</testsuite> <!-- DynamicGeneratedTests -->
