<?xml version="1.0" encoding="UTF-8"?>
<!-- Generated by org.testng.reporters.JUnitXMLReporter -->
<testsuite ignored="0" hostname="DESKTOP-6E3T9R2" failures="0" tests="3" name="DynamicTest" time="15.762" errors="0" timestamp="2025-08-17T22:51:06 ICT">
  <testcase classname="com.example.tests.web.LoginTest" name="testLogin1" time="2.028"/>
  <testcase classname="com.example.tests.web.LoginTest" name="testLogin5" time="0.001"/>
  <testcase classname="com.example.tests.web.LoginTest" name="testLogin6" time="0.0"/>
</testsuite> <!-- DynamicTest -->
