<?xml version="1.0" encoding="UTF-8"?>
<!-- Generated by org.testng.reporters.JUnitXMLReporter -->
<testsuite ignored="4" hostname="DESKTOP-6E3T9R2" failures="0" tests="2" name="DynamicGeneratedTests" time="16.285" errors="0" timestamp="2025-08-18T01:20:53 ICT">
  <testcase classname="com.example.tests.modules.login.web.loginTest2.LoginTest2" name="testLogin1" time="3.628"/>
  <testcase classname="com.example.tests.modules.login.web.loginTest.LoginTest" name="testLogin1" time="5.979"/>
  <testcase classname="com.example.tests.modules.login.web.loginTest2.LoginTest2" name="testLogin6" time="0.0">
    <ignored/>
  </testcase> <!-- testLogin6 -->
  <testcase classname="com.example.tests.modules.login.web.loginTest2.LoginTest2" name="testLogin5" time="0.0">
    <ignored/>
  </testcase> <!-- testLogin5 -->
  <testcase classname="com.example.tests.modules.login.web.loginTest.LoginTest" name="testLogin6" time="0.0">
    <ignored/>
  </testcase> <!-- testLogin6 -->
  <testcase classname="com.example.tests.modules.login.web.loginTest.LoginTest" name="testLogin5" time="0.0">
    <ignored/>
  </testcase> <!-- testLogin5 -->
</testsuite> <!-- DynamicGeneratedTests -->
