<?xml version="1.0" encoding="UTF-8"?>
<testng-results ignored="2" total="6" passed="4" failed="0" skipped="0">
  <reporter-output>
  </reporter-output>
  <suite started-at="2025-08-18T02:35:27 GMT+07:00" name="DynamicSuite" finished-at="2025-08-18T02:35:39 GMT+07:00" duration-ms="12189">
    <groups>
    </groups>
    <test started-at="2025-08-18T02:35:27 GMT+07:00" name="DynamicGeneratedTests" finished-at="2025-08-18T02:35:39 GMT+07:00" duration-ms="12189">
      <class name="com.example.tests.modules.login.web.loginTest2.LoginTest2">
        <test-method is-config="true" signature="setup(java.lang.reflect.Method)[pri:0, instance:com.example.tests.modules.login.web.loginTest2.LoginTest2@1ca25c47]" started-at="2025-08-18T02:35:27 GMT+07:00" name="setup" finished-at="2025-08-18T02:35:31 GMT+07:00" duration-ms="4013" status="PASS">
          <params>
            <param index="0">
              <value>
                <![CDATA[public void com.example.tests.modules.login.web.loginTest2.LoginTest2.testLogin6(java.lang.String,java.lang.String)]]>
              </value>
            </param>
          </params>
          <reporter-output>
          </reporter-output>
        </test-method> <!-- setup -->
        <test-method signature="testLogin6(java.lang.String,java.lang.String)[pri:0, instance:com.example.tests.modules.login.web.loginTest2.LoginTest2@1ca25c47]" started-at="2025-08-18T02:35:31 GMT+07:00" name="testLogin6" data-provider="loginData" finished-at="2025-08-18T02:35:31 GMT+07:00" duration-ms="1" status="PASS">
          <params>
            <param index="0">
              <value>
                <![CDATA[mtaihrtnf12@gmail.com]]>
              </value>
            </param>
            <param index="1">
              <value>
                <![CDATA[12345678Ac!]]>
              </value>
            </param>
          </params>
          <reporter-output>
          </reporter-output>
        </test-method> <!-- testLogin6 -->
        <test-method is-config="true" signature="teardown(java.lang.reflect.Method)[pri:0, instance:com.example.tests.modules.login.web.loginTest2.LoginTest2@1ca25c47]" started-at="2025-08-18T02:35:31 GMT+07:00" name="teardown" finished-at="2025-08-18T02:35:31 GMT+07:00" duration-ms="116" status="PASS">
          <params>
            <param index="0">
              <value>
                <![CDATA[public void com.example.tests.modules.login.web.loginTest2.LoginTest2.testLogin6(java.lang.String,java.lang.String)]]>
              </value>
            </param>
          </params>
          <reporter-output>
          </reporter-output>
        </test-method> <!-- teardown -->
        <test-method is-config="true" signature="setup(java.lang.reflect.Method)[pri:0, instance:com.example.tests.modules.login.web.loginTest2.LoginTest2@1ca25c47]" started-at="2025-08-18T02:35:31 GMT+07:00" name="setup" finished-at="2025-08-18T02:35:34 GMT+07:00" duration-ms="3084" status="PASS">
          <params>
            <param index="0">
              <value>
                <![CDATA[public void com.example.tests.modules.login.web.loginTest2.LoginTest2.testLogin1(java.lang.String,java.lang.String)]]>
              </value>
            </param>
          </params>
          <reporter-output>
          </reporter-output>
        </test-method> <!-- setup -->
        <test-method signature="testLogin1(java.lang.String,java.lang.String)[pri:0, instance:com.example.tests.modules.login.web.loginTest2.LoginTest2@1ca25c47]" started-at="2025-08-18T02:35:34 GMT+07:00" name="testLogin1" data-provider="loginData" finished-at="2025-08-18T02:35:35 GMT+07:00" duration-ms="1282" status="PASS">
          <params>
            <param index="0">
              <value>
                <![CDATA[mtaihrtnf12@gmail.com]]>
              </value>
            </param>
            <param index="1">
              <value>
                <![CDATA[12345678Ac!]]>
              </value>
            </param>
          </params>
          <reporter-output>
          </reporter-output>
        </test-method> <!-- testLogin1 -->
        <test-method is-config="true" signature="teardown(java.lang.reflect.Method)[pri:0, instance:com.example.tests.modules.login.web.loginTest2.LoginTest2@1ca25c47]" started-at="2025-08-18T02:35:35 GMT+07:00" name="teardown" finished-at="2025-08-18T02:35:36 GMT+07:00" duration-ms="94" status="PASS">
          <params>
            <param index="0">
              <value>
                <![CDATA[public void com.example.tests.modules.login.web.loginTest2.LoginTest2.testLogin1(java.lang.String,java.lang.String)]]>
              </value>
            </param>
          </params>
          <reporter-output>
          </reporter-output>
        </test-method> <!-- teardown -->
        <test-method is-config="true" signature="setup(java.lang.reflect.Method)[pri:0, instance:com.example.tests.modules.login.web.loginTest2.LoginTest2@1ca25c47]" started-at="2025-08-18T02:35:36 GMT+07:00" name="setup" finished-at="2025-08-18T02:35:39 GMT+07:00" duration-ms="3463" status="PASS">
          <params>
            <param index="0">
              <value>
                <![CDATA[public void com.example.tests.modules.login.web.loginTest2.LoginTest2.testLogin5(java.lang.String,java.lang.String)]]>
              </value>
            </param>
          </params>
          <reporter-output>
          </reporter-output>
        </test-method> <!-- setup -->
        <test-method signature="testLogin5(java.lang.String,java.lang.String)[pri:0, instance:com.example.tests.modules.login.web.loginTest2.LoginTest2@1ca25c47]" started-at="2025-08-18T02:35:39 GMT+07:00" name="testLogin5" data-provider="loginData" finished-at="2025-08-18T02:35:39 GMT+07:00" duration-ms="1" status="PASS">
          <params>
            <param index="0">
              <value>
                <![CDATA[mtaihrtnf12@gmail.com]]>
              </value>
            </param>
            <param index="1">
              <value>
                <![CDATA[12345678Ac!]]>
              </value>
            </param>
          </params>
          <reporter-output>
          </reporter-output>
        </test-method> <!-- testLogin5 -->
        <test-method is-config="true" signature="teardown(java.lang.reflect.Method)[pri:0, instance:com.example.tests.modules.login.web.loginTest2.LoginTest2@1ca25c47]" started-at="2025-08-18T02:35:39 GMT+07:00" name="teardown" finished-at="2025-08-18T02:35:39 GMT+07:00" duration-ms="96" status="PASS">
          <params>
            <param index="0">
              <value>
                <![CDATA[public void com.example.tests.modules.login.web.loginTest2.LoginTest2.testLogin5(java.lang.String,java.lang.String)]]>
              </value>
            </param>
          </params>
          <reporter-output>
          </reporter-output>
        </test-method> <!-- teardown -->
      </class> <!-- com.example.tests.modules.login.web.loginTest2.LoginTest2 -->
      <class name="com.example.tests.modules.login.web.loginTest.LoginTest">
        <test-method is-config="true" signature="setup(java.lang.reflect.Method)[pri:0, instance:com.example.tests.modules.login.web.loginTest.LoginTest@3d08f3f5]" started-at="2025-08-18T02:35:27 GMT+07:00" name="setup" finished-at="2025-08-18T02:35:31 GMT+07:00" duration-ms="3821" status="PASS">
          <params>
            <param index="0">
              <value>
                <![CDATA[public void com.example.tests.modules.login.web.loginTest.LoginTest.testLogin1(java.lang.String,java.lang.String)]]>
              </value>
            </param>
          </params>
          <reporter-output>
          </reporter-output>
        </test-method> <!-- setup -->
        <test-method signature="testLogin1(java.lang.String,java.lang.String)[pri:0, instance:com.example.tests.modules.login.web.loginTest.LoginTest@3d08f3f5]" started-at="2025-08-18T02:35:31 GMT+07:00" name="testLogin1" data-provider="loginData" finished-at="2025-08-18T02:35:32 GMT+07:00" duration-ms="1497" status="PASS">
          <params>
            <param index="0">
              <value>
                <![CDATA[mtaihrtnf12@gmail.com]]>
              </value>
            </param>
            <param index="1">
              <value>
                <![CDATA[12345678Ac!]]>
              </value>
            </param>
          </params>
          <reporter-output>
          </reporter-output>
        </test-method> <!-- testLogin1 -->
        <test-method is-config="true" signature="teardown(java.lang.reflect.Method)[pri:0, instance:com.example.tests.modules.login.web.loginTest.LoginTest@3d08f3f5]" started-at="2025-08-18T02:35:32 GMT+07:00" name="teardown" finished-at="2025-08-18T02:35:32 GMT+07:00" duration-ms="93" status="PASS">
          <params>
            <param index="0">
              <value>
                <![CDATA[public void com.example.tests.modules.login.web.loginTest.LoginTest.testLogin1(java.lang.String,java.lang.String)]]>
              </value>
            </param>
          </params>
          <reporter-output>
          </reporter-output>
        </test-method> <!-- teardown -->
      </class> <!-- com.example.tests.modules.login.web.loginTest.LoginTest -->
    </test> <!-- DynamicGeneratedTests -->
  </suite> <!-- DynamicSuite -->
</testng-results>
